<?xml version="1.0" encoding="UTF-8"?>
<!-- Generated by org.testng.reporters.JUnitXMLReporter -->
<testsuite ignored="0" hostname="IQZNGLLT011" failures="0" tests="5" name="Default test" time="54.596" errors="0" timestamp="2021-11-22T21:12:31 IST">
  <testcase classname="packageDemo.loginPage" name="launch_app" time="12.154"/>
  <testcase classname="packageDemo.loginPage" name="enter_user" time="5.151"/>
  <testcase classname="packageDemo.loginPage" name="enter_password" time="5.148"/>
  <testcase classname="packageDemo.loginPage" name="Click_button" time="22.961"/>
  <testcase classname="packageDemo.loginPage" name="Page_title" time="5.03"/>
</testsuite> <!-- Default test -->
