<?xml version="1.0" encoding="UTF-8"?>
<!-- Generated by org.testng.reporters.JUnitXMLReporter -->
<testsuite ignored="0" hostname="IQZNGLLT011" failures="0" tests="5" name="Default test" time="24.954" errors="0" timestamp="2021-11-26T23:17:36 IST">
  <testcase classname="Demo.wait_implicit" name="launch_app" time="1.888"/>
  <testcase classname="Demo.wait_implicit" name="enter_user" time="0.162"/>
  <testcase classname="Demo.wait_implicit" name="enter_password" time="0.154"/>
  <testcase classname="Demo.wait_implicit" name="clicklogin" time="14.955"/>
  <testcase classname="Demo.wait_implicit" name="get_title" time="2.033"/>
</testsuite> <!-- Default test -->
