<?xml version="1.0" encoding="UTF-8"?>
<testng-results ignored="0" total="8" passed="8" failed="0" skipped="0">
  <reporter-output>
  </reporter-output>
  <suite started-at="2021-11-26T22:53:40 IST" name="Default suite" finished-at="2021-11-26T22:55:51 IST" duration-ms="131622">
    <groups>
    </groups>
    <test started-at="2021-11-26T22:53:40 IST" name="Default test" finished-at="2021-11-26T22:55:51 IST" duration-ms="131622">
      <class name="Demo.socialMedia">
        <test-method is-config="true" signature="setup()[pri:0, instance:Demo.socialMedia@21282ed8]" started-at="2021-11-26T22:53:40 IST" name="setup" finished-at="2021-11-26T22:53:44 IST" duration-ms="4544" status="PASS">
          <reporter-output>
          </reporter-output>
        </test-method> <!-- setup -->
        <test-method signature="launch_app()[pri:0, instance:Demo.socialMedia@21282ed8]" started-at="2021-11-26T22:53:44 IST" name="launch_app" finished-at="2021-11-26T22:53:58 IST" duration-ms="13305" status="PASS">
          <reporter-output>
          </reporter-output>
        </test-method> <!-- launch_app -->
        <test-method signature="twitter()[pri:0, instance:Demo.socialMedia@21282ed8]" started-at="2021-11-26T22:53:58 IST" name="twitter" finished-at="2021-11-26T22:54:16 IST" depends-on-methods="Demo.socialMedia.launch_app" duration-ms="18603" status="PASS">
          <reporter-output>
          </reporter-output>
        </test-method> <!-- twitter -->
        <test-method signature="facebook()[pri:0, instance:Demo.socialMedia@21282ed8]" started-at="2021-11-26T22:54:16 IST" name="facebook" finished-at="2021-11-26T22:54:32 IST" depends-on-methods="Demo.socialMedia.twitter" duration-ms="15582" status="PASS">
          <reporter-output>
          </reporter-output>
        </test-method> <!-- facebook -->
        <test-method signature="github()[pri:0, instance:Demo.socialMedia@21282ed8]" started-at="2021-11-26T22:54:32 IST" name="github" finished-at="2021-11-26T22:54:47 IST" depends-on-methods="Demo.socialMedia.facebook" duration-ms="15482" status="PASS">
          <reporter-output>
          </reporter-output>
        </test-method> <!-- github -->
        <test-method signature="paperplane()[pri:0, instance:Demo.socialMedia@21282ed8]" started-at="2021-11-26T22:54:47 IST" name="paperplane" finished-at="2021-11-26T22:55:03 IST" depends-on-methods="Demo.socialMedia.github" duration-ms="15469" status="PASS">
          <reporter-output>
          </reporter-output>
        </test-method> <!-- paperplane -->
        <test-method signature="FaMedium()[pri:0, instance:Demo.socialMedia@21282ed8]" started-at="2021-11-26T22:55:03 IST" name="FaMedium" finished-at="2021-11-26T22:55:19 IST" depends-on-methods="Demo.socialMedia.paperplane" duration-ms="16366" status="PASS">
          <reporter-output>
          </reporter-output>
        </test-method> <!-- FaMedium -->
        <test-method signature="Linkedin()[pri:0, instance:Demo.socialMedia@21282ed8]" started-at="2021-11-26T22:55:19 IST" name="Linkedin" finished-at="2021-11-26T22:55:35 IST" depends-on-methods="Demo.socialMedia.FaMedium" duration-ms="15503" status="PASS">
          <reporter-output>
          </reporter-output>
        </test-method> <!-- Linkedin -->
        <test-method signature="Youtube()[pri:0, instance:Demo.socialMedia@21282ed8]" started-at="2021-11-26T22:55:35 IST" name="Youtube" finished-at="2021-11-26T22:55:50 IST" depends-on-methods="Demo.socialMedia.Linkedin" duration-ms="15575" status="PASS">
          <reporter-output>
          </reporter-output>
        </test-method> <!-- Youtube -->
        <test-method is-config="true" signature="finish()[pri:0, instance:Demo.socialMedia@21282ed8]" started-at="2021-11-26T22:55:50 IST" name="finish" finished-at="2021-11-26T22:55:51 IST" duration-ms="1111" status="PASS">
          <reporter-output>
          </reporter-output>
        </test-method> <!-- finish -->
      </class> <!-- Demo.socialMedia -->
    </test> <!-- Default test -->
  </suite> <!-- Default suite -->
</testng-results>
