<?xml version="1.0" encoding="UTF-8"?>
<!-- Generated by org.testng.reporters.JUnitXMLReporter -->
<testsuite ignored="0" hostname="IQZNGLLT011" failures="0" tests="8" name="Default test" time="131.622" errors="0" timestamp="2021-11-26T22:55:51 IST">
  <testcase classname="Demo.socialMedia" name="launch_app" time="13.305"/>
  <testcase classname="Demo.socialMedia" name="twitter" time="18.603"/>
  <testcase classname="Demo.socialMedia" name="facebook" time="15.582"/>
  <testcase classname="Demo.socialMedia" name="github" time="15.482"/>
  <testcase classname="Demo.socialMedia" name="paperplane" time="15.469"/>
  <testcase classname="Demo.socialMedia" name="FaMedium" time="16.366"/>
  <testcase classname="Demo.socialMedia" name="Linkedin" time="15.503"/>
  <testcase classname="Demo.socialMedia" name="Youtube" time="15.575"/>
</testsuite> <!-- Default test -->
