<?xml version="1.0" encoding="UTF-8"?>
<testng-results ignored="0" total="4" passed="4" failed="0" skipped="0">
  <reporter-output>
  </reporter-output>
  <suite started-at="2021-11-18T18:11:24 IST" name="Suite1" finished-at="2021-11-18T18:12:11 IST" duration-ms="46667">
    <groups>
    </groups>
    <test started-at="2021-11-18T18:11:24 IST" name="TestingOnedge" finished-at="2021-11-18T18:12:07 IST" duration-ms="42866">
      <class name="packageDemo.Cross_Program1">
        <test-method is-config="true" signature="setup(java.lang.String)[pri:0, instance:packageDemo.Cross_Program1@25641d39]" started-at="2021-11-18T18:11:24 IST" name="setup" finished-at="2021-11-18T18:11:28 IST" duration-ms="3716" status="PASS">
          <params>
            <param index="0">
              <value>
                <![CDATA[edge]]>
              </value>
            </param>
          </params>
          <reporter-output>
          </reporter-output>
        </test-method> <!-- setup -->
        <test-method signature="testgoogle()[pri:0, instance:packageDemo.Cross_Program1@25641d39]" started-at="2021-11-18T18:11:28 IST" name="testgoogle" finished-at="2021-11-18T18:11:45 IST" duration-ms="16576" status="PASS">
          <reporter-output>
          </reporter-output>
        </test-method> <!-- testgoogle -->
        <test-method signature="testyahoo()[pri:0, instance:packageDemo.Cross_Program1@25641d39]" started-at="2021-11-18T18:11:45 IST" name="testyahoo" finished-at="2021-11-18T18:12:06 IST" duration-ms="21691" status="PASS">
          <reporter-output>
          </reporter-output>
        </test-method> <!-- testyahoo -->
        <test-method is-config="true" signature="finish()[pri:0, instance:packageDemo.Cross_Program1@25641d39]" started-at="2021-11-18T18:12:06 IST" name="finish" finished-at="2021-11-18T18:12:07 IST" duration-ms="846" status="PASS">
          <reporter-output>
          </reporter-output>
        </test-method> <!-- finish -->
      </class> <!-- packageDemo.Cross_Program1 -->
    </test> <!-- TestingOnedge -->
    <test started-at="2021-11-18T18:11:24 IST" name="TestingOnChrome" finished-at="2021-11-18T18:12:11 IST" duration-ms="46667">
      <class name="packageDemo.Cross_Program1">
        <test-method is-config="true" signature="setup(java.lang.String)[pri:0, instance:packageDemo.Cross_Program1@32502377]" started-at="2021-11-18T18:11:24 IST" name="setup" finished-at="2021-11-18T18:11:28 IST" duration-ms="3716" status="PASS">
          <params>
            <param index="0">
              <value>
                <![CDATA[chrome]]>
              </value>
            </param>
          </params>
          <reporter-output>
          </reporter-output>
        </test-method> <!-- setup -->
        <test-method signature="testgoogle()[pri:0, instance:packageDemo.Cross_Program1@32502377]" started-at="2021-11-18T18:11:28 IST" name="testgoogle" finished-at="2021-11-18T18:11:44 IST" duration-ms="15836" status="PASS">
          <reporter-output>
          </reporter-output>
        </test-method> <!-- testgoogle -->
        <test-method signature="testyahoo()[pri:0, instance:packageDemo.Cross_Program1@32502377]" started-at="2021-11-18T18:11:44 IST" name="testyahoo" finished-at="2021-11-18T18:12:10 IST" duration-ms="26074" status="PASS">
          <reporter-output>
          </reporter-output>
        </test-method> <!-- testyahoo -->
        <test-method is-config="true" signature="finish()[pri:0, instance:packageDemo.Cross_Program1@32502377]" started-at="2021-11-18T18:12:10 IST" name="finish" finished-at="2021-11-18T18:12:11 IST" duration-ms="1005" status="PASS">
          <reporter-output>
          </reporter-output>
        </test-method> <!-- finish -->
      </class> <!-- packageDemo.Cross_Program1 -->
    </test> <!-- TestingOnChrome -->
  </suite> <!-- Suite1 -->
</testng-results>
