<?xml version="1.0" encoding="UTF-8"?>
<testng-results ignored="0" total="5" passed="5" failed="0" skipped="0">
  <reporter-output>
  </reporter-output>
  <suite started-at="2021-11-26T23:08:45 IST" name="Default suite" finished-at="2021-11-26T23:09:12 IST" duration-ms="27599">
    <groups>
    </groups>
    <test started-at="2021-11-26T23:08:45 IST" name="Default test" finished-at="2021-11-26T23:09:12 IST" duration-ms="27599">
      <class name="Demo.wait_explicit">
        <test-method is-config="true" signature="setup()[pri:0, instance:Demo.wait_explicit@31fa1761]" started-at="2021-11-26T23:08:45 IST" name="setup" finished-at="2021-11-26T23:08:49 IST" duration-ms="3745" status="PASS">
          <reporter-output>
          </reporter-output>
        </test-method> <!-- setup -->
        <test-method signature="launch_app()[pri:0, instance:Demo.wait_explicit@31fa1761]" started-at="2021-11-26T23:08:49 IST" name="launch_app" finished-at="2021-11-26T23:08:51 IST" duration-ms="2173" status="PASS">
          <reporter-output>
          </reporter-output>
        </test-method> <!-- launch_app -->
        <test-method signature="enter_user()[pri:0, instance:Demo.wait_explicit@31fa1761]" started-at="2021-11-26T23:08:51 IST" name="enter_user" finished-at="2021-11-26T23:08:51 IST" depends-on-methods="Demo.wait_explicit.launch_app" duration-ms="302" status="PASS">
          <reporter-output>
          </reporter-output>
        </test-method> <!-- enter_user -->
        <test-method signature="enter_password()[pri:0, instance:Demo.wait_explicit@31fa1761]" started-at="2021-11-26T23:08:51 IST" name="enter_password" finished-at="2021-11-26T23:08:51 IST" depends-on-methods="Demo.wait_explicit.enter_user" duration-ms="287" status="PASS">
          <reporter-output>
          </reporter-output>
        </test-method> <!-- enter_password -->
        <test-method signature="clicklogin()[pri:0, instance:Demo.wait_explicit@31fa1761]" started-at="2021-11-26T23:08:51 IST" name="clicklogin" finished-at="2021-11-26T23:09:09 IST" depends-on-methods="Demo.wait_explicit.enter_password" duration-ms="18046" status="PASS">
          <reporter-output>
          </reporter-output>
        </test-method> <!-- clicklogin -->
        <test-method signature="get_title()[pri:0, instance:Demo.wait_explicit@31fa1761]" started-at="2021-11-26T23:09:09 IST" name="get_title" finished-at="2021-11-26T23:09:11 IST" depends-on-methods="Demo.wait_explicit.clicklogin" duration-ms="2036" status="PASS">
          <reporter-output>
          </reporter-output>
        </test-method> <!-- get_title -->
        <test-method is-config="true" signature="finish()[pri:0, instance:Demo.wait_explicit@31fa1761]" started-at="2021-11-26T23:09:11 IST" name="finish" finished-at="2021-11-26T23:09:12 IST" duration-ms="916" status="PASS">
          <reporter-output>
          </reporter-output>
        </test-method> <!-- finish -->
      </class> <!-- Demo.wait_explicit -->
    </test> <!-- Default test -->
  </suite> <!-- Default suite -->
</testng-results>
