<?xml version="1.0" encoding="UTF-8"?>
<!-- Generated by org.testng.reporters.JUnitXMLReporter -->
<testsuite ignored="0" hostname="IQZNGLLT011" failures="0" tests="5" name="Default test" time="27.599" errors="0" timestamp="2021-11-26T23:09:12 IST">
  <testcase classname="Demo.wait_explicit" name="launch_app" time="2.173"/>
  <testcase classname="Demo.wait_explicit" name="enter_user" time="0.302"/>
  <testcase classname="Demo.wait_explicit" name="enter_password" time="0.287"/>
  <testcase classname="Demo.wait_explicit" name="clicklogin" time="18.046"/>
  <testcase classname="Demo.wait_explicit" name="get_title" time="2.036"/>
</testsuite> <!-- Default test -->
