<?xml version="1.0" encoding="UTF-8"?>
<!-- Generated by org.testng.reporters.JUnitXMLReporter -->
<testsuite ignored="0" hostname="IQZNGLLT011" failures="0" tests="5" name="TestingOnChrome" time="50.848" errors="0" timestamp="2021-11-24T00:03:28 IST">
  <testcase classname="Demo.loginThrice" name="launch_app" time="11.887"/>
  <testcase classname="Demo.loginThrice" name="enter_user" time="5.168"/>
  <testcase classname="Demo.loginThrice" name="enter_password" time="5.16"/>
  <testcase classname="Demo.loginThrice" name="Click_button" time="19.428"/>
  <testcase classname="Demo.loginThrice" name="Page_title" time="5.027"/>
</testsuite> <!-- TestingOnChrome -->
