<?xml version="1.0" encoding="UTF-8"?>
<testng-results ignored="0" total="5" passed="5" failed="0" skipped="0">
  <reporter-output>
  </reporter-output>
  <suite started-at="2021-11-22T21:11:37 IST" name="Default suite" finished-at="2021-11-22T21:12:31 IST" duration-ms="54596">
    <groups>
    </groups>
    <test started-at="2021-11-22T21:11:37 IST" name="Default test" finished-at="2021-11-22T21:12:31 IST" duration-ms="54596">
      <class name="packageDemo.loginPage">
        <test-method is-config="true" signature="setup()[pri:0, instance:packageDemo.loginPage@31fa1761]" started-at="2021-11-22T21:11:37 IST" name="setup" finished-at="2021-11-22T21:11:40 IST" duration-ms="3271" status="PASS">
          <reporter-output>
          </reporter-output>
        </test-method> <!-- setup -->
        <test-method signature="launch_app()[pri:0, instance:packageDemo.loginPage@31fa1761]" started-at="2021-11-22T21:11:40 IST" name="launch_app" finished-at="2021-11-22T21:11:52 IST" duration-ms="12154" status="PASS">
          <reporter-output>
          </reporter-output>
        </test-method> <!-- launch_app -->
        <test-method signature="enter_user()[pri:0, instance:packageDemo.loginPage@31fa1761]" started-at="2021-11-22T21:11:52 IST" name="enter_user" finished-at="2021-11-22T21:11:57 IST" depends-on-methods="packageDemo.loginPage.launch_app" duration-ms="5151" status="PASS">
          <reporter-output>
          </reporter-output>
        </test-method> <!-- enter_user -->
        <test-method signature="enter_password()[pri:0, instance:packageDemo.loginPage@31fa1761]" started-at="2021-11-22T21:11:57 IST" name="enter_password" finished-at="2021-11-22T21:12:02 IST" depends-on-methods="packageDemo.loginPage.enter_user" duration-ms="5148" status="PASS">
          <reporter-output>
          </reporter-output>
        </test-method> <!-- enter_password -->
        <test-method signature="Click_button()[pri:0, instance:packageDemo.loginPage@31fa1761]" started-at="2021-11-22T21:12:02 IST" name="Click_button" finished-at="2021-11-22T21:12:25 IST" depends-on-methods="packageDemo.loginPage.enter_password" duration-ms="22961" status="PASS">
          <reporter-output>
          </reporter-output>
        </test-method> <!-- Click_button -->
        <test-method signature="Page_title()[pri:0, instance:packageDemo.loginPage@31fa1761]" started-at="2021-11-22T21:12:25 IST" name="Page_title" finished-at="2021-11-22T21:12:30 IST" depends-on-methods="packageDemo.loginPage.Click_button" duration-ms="5030" status="PASS">
          <reporter-output>
          </reporter-output>
        </test-method> <!-- Page_title -->
        <test-method is-config="true" signature="finish()[pri:0, instance:packageDemo.loginPage@31fa1761]" started-at="2021-11-22T21:12:30 IST" name="finish" finished-at="2021-11-22T21:12:31 IST" duration-ms="800" status="PASS">
          <reporter-output>
          </reporter-output>
        </test-method> <!-- finish -->
      </class> <!-- packageDemo.loginPage -->
    </test> <!-- Default test -->
  </suite> <!-- Default suite -->
</testng-results>
