<?xml version="1.0" encoding="UTF-8"?>
<testng-results ignored="0" total="5" passed="5" failed="0" skipped="0">
  <reporter-output>
  </reporter-output>
  <suite started-at="2021-11-26T23:17:11 IST" name="Default suite" finished-at="2021-11-26T23:17:36 IST" duration-ms="24954">
    <groups>
    </groups>
    <test started-at="2021-11-26T23:17:11 IST" name="Default test" finished-at="2021-11-26T23:17:36 IST" duration-ms="24954">
      <class name="Demo.wait_implicit">
        <test-method is-config="true" signature="setup()[pri:0, instance:Demo.wait_implicit@31fa1761]" started-at="2021-11-26T23:17:11 IST" name="setup" finished-at="2021-11-26T23:17:16 IST" duration-ms="4868" status="PASS">
          <reporter-output>
          </reporter-output>
        </test-method> <!-- setup -->
        <test-method signature="launch_app()[pri:0, instance:Demo.wait_implicit@31fa1761]" started-at="2021-11-26T23:17:16 IST" name="launch_app" finished-at="2021-11-26T23:17:18 IST" duration-ms="1888" status="PASS">
          <reporter-output>
          </reporter-output>
        </test-method> <!-- launch_app -->
        <test-method signature="enter_user()[pri:0, instance:Demo.wait_implicit@31fa1761]" started-at="2021-11-26T23:17:18 IST" name="enter_user" finished-at="2021-11-26T23:17:18 IST" depends-on-methods="Demo.wait_implicit.launch_app" duration-ms="162" status="PASS">
          <reporter-output>
          </reporter-output>
        </test-method> <!-- enter_user -->
        <test-method signature="enter_password()[pri:0, instance:Demo.wait_implicit@31fa1761]" started-at="2021-11-26T23:17:18 IST" name="enter_password" finished-at="2021-11-26T23:17:18 IST" depends-on-methods="Demo.wait_implicit.enter_user" duration-ms="154" status="PASS">
          <reporter-output>
          </reporter-output>
        </test-method> <!-- enter_password -->
        <test-method signature="clicklogin()[pri:0, instance:Demo.wait_implicit@31fa1761]" started-at="2021-11-26T23:17:18 IST" name="clicklogin" finished-at="2021-11-26T23:17:33 IST" depends-on-methods="Demo.wait_implicit.enter_password" duration-ms="14955" status="PASS">
          <reporter-output>
          </reporter-output>
        </test-method> <!-- clicklogin -->
        <test-method signature="get_title()[pri:0, instance:Demo.wait_implicit@31fa1761]" started-at="2021-11-26T23:17:33 IST" name="get_title" finished-at="2021-11-26T23:17:35 IST" depends-on-methods="Demo.wait_implicit.clicklogin" duration-ms="2033" status="PASS">
          <reporter-output>
          </reporter-output>
        </test-method> <!-- get_title -->
        <test-method is-config="true" signature="finish()[pri:0, instance:Demo.wait_implicit@31fa1761]" started-at="2021-11-26T23:17:35 IST" name="finish" finished-at="2021-11-26T23:17:36 IST" duration-ms="808" status="PASS">
          <reporter-output>
          </reporter-output>
        </test-method> <!-- finish -->
      </class> <!-- Demo.wait_implicit -->
    </test> <!-- Default test -->
  </suite> <!-- Default suite -->
</testng-results>
